# JRE version: OpenJDK Runtime Environment (8.0_152-b01) (build 1.8.0_152-release-1343-b01)
# Java VM: OpenJDK 64-Bit Server VM (25.152-b01 mixed mode windows-amd64 compressed oops)
Heap:
 PSYoungGen      total 296960K, used 17001K [0x00000000e0000000, 0x00000000f7680000, 0x0000000100000000)
  eden space 257536K, 6% used [0x00000000e0000000,0x00000000e109a4d0,0x00000000efb80000)
  from space 39424K, 0% used [0x00000000efb80000,0x00000000efb80000,0x00000000f2200000)
  to   space 38400K, 0% used [0x00000000f5100000,0x00000000f5100000,0x00000000f7680000)
 ParOldGen       total 207872K, used 84307K [0x00000000a0000000, 0x00000000acb00000, 0x00000000e0000000)
  object space 207872K, 40% used [0x00000000a0000000,0x00000000a5254d20,0x00000000acb00000)
 Metaspace       used 93935K, capacity 98040K, committed 98836K, reserved 1134592K
  class space    used 11965K, capacity 12900K, committed 13076K, reserved 1048576K
GC Heap History (10 events):
Event: 1250.287 GC heap before
{Heap before GC invocations=25 (full 3):
 PSYoungGen      total 304640K, used 293544K [0x00000000e0000000, 0x00000000f6500000, 0x0000000100000000)
  eden space 275456K, 100% used [0x00000000e0000000,0x00000000f0d00000,0x00000000f0d00000)
  from space 29184K, 61% used [0x00000000f0d00000,0x00000000f1eaa260,0x00000000f2980000)
  to   space 29696K, 0% used [0x00000000f4800000,0x00000000f4800000,0x00000000f6500000)
 ParOldGen       total 139264K, used 76464K [0x00000000a0000000, 0x00000000a8800000, 0x00000000e0000000)
  object space 139264K, 54% used [0x00000000a0000000,0x00000000a4aac340,0x00000000a8800000)
 Metaspace       used 76985K, capacity 80331K, committed 80404K, reserved 1118208K
  class space    used 9942K, capacity 10747K, committed 10772K, reserved 1048576K
Event: 1250.479 GC heap after
Heap after GC invocations=25 (full 3):
 PSYoungGen      total 274432K, used 8550K [0x00000000e0000000, 0x00000000f5080000, 0x0000000100000000)
  eden space 265728K, 0% used [0x00000000e0000000,0x00000000e0000000,0x00000000f0380000)
  from space 8704K, 98% used [0x00000000f4800000,0x00000000f5059ab8,0x00000000f5080000)
  to   space 28672K, 0% used [0x00000000f1880000,0x00000000f1880000,0x00000000f3480000)
 ParOldGen       total 139264K, used 76472K [0x00000000a0000000, 0x00000000a8800000, 0x00000000e0000000)
  object space 139264K, 54% used [0x00000000a0000000,0x00000000a4aae340,0x00000000a8800000)
 Metaspace       used 76985K, capacity 80331K, committed 80404K, reserved 1118208K
  class space    used 9942K, capacity 10747K, committed 10772K, reserved 1048576K
}
Event: 1274.901 GC heap before
{Heap before GC invocations=26 (full 3):
 PSYoungGen      total 274432K, used 274278K [0x00000000e0000000, 0x00000000f5080000, 0x0000000100000000)
  eden space 265728K, 100% used [0x00000000e0000000,0x00000000f0380000,0x00000000f0380000)
  from space 8704K, 98% used [0x00000000f4800000,0x00000000f5059ab8,0x00000000f5080000)
  to   space 28672K, 0% used [0x00000000f1880000,0x00000000f1880000,0x00000000f3480000)
 ParOldGen       total 139264K, used 76472K [0x00000000a0000000, 0x00000000a8800000, 0x00000000e0000000)
  object space 139264K, 54% used [0x00000000a0000000,0x00000000a4aae340,0x00000000a8800000)
 Metaspace       used 80293K, capacity 83866K, committed 83988K, reserved 1122304K
  class space    used 10363K, capacity 11203K, committed 11284K, reserved 1048576K
Event: 1274.944 GC heap after
Heap after GC invocations=26 (full 3):
 PSYoungGen      total 284160K, used 27168K [0x00000000e0000000, 0x00000000f4880000, 0x0000000100000000)
  eden space 256512K, 0% used [0x00000000e0000000,0x00000000e0000000,0x00000000efa80000)
  from space 27648K, 98% used [0x00000000f1880000,0x00000000f3308200,0x00000000f3380000)
  to   space 21504K, 0% used [0x00000000f3380000,0x00000000f3380000,0x00000000f4880000)
 ParOldGen       total 139264K, used 76480K [0x00000000a0000000, 0x00000000a8800000, 0x00000000e0000000)
  object space 139264K, 54% used [0x00000000a0000000,0x00000000a4ab0340,0x00000000a8800000)
 Metaspace       used 80293K, capacity 83866K, committed 83988K, reserved 1122304K
  class space    used 10363K, capacity 11203K, committed 11284K, reserved 1048576K
}
Event: 1286.813 GC heap before
{Heap before GC invocations=27 (full 3):
 PSYoungGen      total 284160K, used 283680K [0x00000000e0000000, 0x00000000f4880000, 0x0000000100000000)
  eden space 256512K, 100% used [0x00000000e0000000,0x00000000efa80000,0x00000000efa80000)
  from space 27648K, 98% used [0x00000000f1880000,0x00000000f3308200,0x00000000f3380000)
  to   space 21504K, 0% used [0x00000000f3380000,0x00000000f3380000,0x00000000f4880000)
 ParOldGen       total 139264K, used 76480K [0x00000000a0000000, 0x00000000a8800000, 0x00000000e0000000)
  object space 139264K, 54% used [0x00000000a0000000,0x00000000a4ab0340,0x00000000a8800000)
 Metaspace       used 93108K, capacity 97630K, committed 97684K, reserved 1134592K
  class space    used 11949K, capacity 12931K, committed 12948K, reserved 1048576K
Event: 1286.870 GC heap after
Heap after GC invocations=27 (full 3):
 PSYoungGen      total 268800K, used 21476K [0x00000000e0000000, 0x00000000f4880000, 0x0000000100000000)
  eden space 247296K, 0% used [0x00000000e0000000,0x00000000e0000000,0x00000000ef180000)
  from space 21504K, 99% used [0x00000000f3380000,0x00000000f48791c0,0x00000000f4880000)
  to   space 39424K, 0% used [0x00000000efb80000,0x00000000efb80000,0x00000000f2200000)
 ParOldGen       total 139264K, used 92584K [0x00000000a0000000, 0x00000000a8800000, 0x00000000e0000000)
  object space 139264K, 66% used [0x00000000a0000000,0x00000000a5a6a2c8,0x00000000a8800000)
 Metaspace       used 93108K, capacity 97630K, committed 97684K, reserved 1134592K
  class space    used 11949K, capacity 12931K, committed 12948K, reserved 1048576K
}
Event: 1287.025 GC heap before
{Heap before GC invocations=28 (full 3):
 PSYoungGen      total 268800K, used 46559K [0x00000000e0000000, 0x00000000f4880000, 0x0000000100000000)
  eden space 247296K, 10% used [0x00000000e0000000,0x00000000e187ed18,0x00000000ef180000)
  from space 21504K, 99% used [0x00000000f3380000,0x00000000f48791c0,0x00000000f4880000)
  to   space 39424K, 0% used [0x00000000efb80000,0x00000000efb80000,0x00000000f2200000)
 ParOldGen       total 139264K, used 92584K [0x00000000a0000000, 0x00000000a8800000, 0x00000000e0000000)
  object space 139264K, 66% used [0x00000000a0000000,0x00000000a5a6a2c8,0x00000000a8800000)
 Metaspace       used 93767K, capacity 98230K, committed 98324K, reserved 1134592K
  class space    used 12016K, capacity 12997K, committed 13076K, reserved 1048576K
Event: 1287.112 GC heap after
Heap after GC invocations=28 (full 3):
 PSYoungGen      total 296960K, used 19566K [0x00000000e0000000, 0x00000000f7680000, 0x0000000100000000)
  eden space 257536K, 0% used [0x00000000e0000000,0x00000000e0000000,0x00000000efb80000)
  from space 39424K, 49% used [0x00000000efb80000,0x00000000f0e9ba40,0x00000000f2200000)
  to   space 38400K, 0% used [0x00000000f5100000,0x00000000f5100000,0x00000000f7680000)
 ParOldGen       total 139264K, used 94848K [0x00000000a0000000, 0x00000000a8800000, 0x00000000e0000000)
  object space 139264K, 68% used [0x00000000a0000000,0x00000000a5ca02c8,0x00000000a8800000)
 Metaspace       used 93767K, capacity 98230K, committed 98324K, reserved 1134592K
  class space    used 12016K, capacity 12997K, committed 13076K, reserved 1048576K
}
Event: 1287.112 GC heap before
{Heap before GC invocations=29 (full 4):
 PSYoungGen      total 296960K, used 19566K [0x00000000e0000000, 0x00000000f7680000, 0x0000000100000000)
  eden space 257536K, 0% used [0x00000000e0000000,0x00000000e0000000,0x00000000efb80000)
  from space 39424K, 49% used [0x00000000efb80000,0x00000000f0e9ba40,0x00000000f2200000)
  to   space 38400K, 0% used [0x00000000f5100000,0x00000000f5100000,0x00000000f7680000)
 ParOldGen       total 139264K, used 94848K [0x00000000a0000000, 0x00000000a8800000, 0x00000000e0000000)
  object space 139264K, 68% used [0x00000000a0000000,0x00000000a5ca02c8,0x00000000a8800000)
 Metaspace       used 93767K, capacity 98230K, committed 98324K, reserved 1134592K
  class space    used 12016K, capacity 12997K, committed 13076K, reserved 1048576K
Event: 1287.843 GC heap after
Heap after GC invocations=29 (full 4):
 PSYoungGen      total 296960K, used 0K [0x00000000e0000000, 0x00000000f7680000, 0x0000000100000000)
  eden space 257536K, 0% used [0x00000000e0000000,0x00000000e0000000,0x00000000efb80000)
  from space 39424K, 0% used [0x00000000efb80000,0x00000000efb80000,0x00000000f2200000)
  to   space 38400K, 0% used [0x00000000f5100000,0x00000000f5100000,0x00000000f7680000)
 ParOldGen       total 207872K, used 84307K [0x00000000a0000000, 0x00000000acb00000, 0x00000000e0000000)
  object space 207872K, 40% used [0x00000000a0000000,0x00000000a5254d20,0x00000000acb00000)
 Metaspace       used 93396K, capacity 97224K, committed 98324K, reserved 1134592K
  class space    used 11887K, capacity 12772K, committed 13076K, reserved 1048576K
}

